T0: R1 pushes U1
E3 called
E3 moves up to F1
E3 on F1 opens
E3 on F1 has 1 waiters
T0: R1 enters E3 on F1
E3 on F1 closes
T0: R1 pushes E3B2
E3 moves up to F2
E3 on F2 opens
E3 on F2 has 1 waiters
T0: R1 exits E3 on F2
E3 on F2 closes
T4: R1 pushes U1
E1 called
E1 moves up to F1
E1 on F1 opens
E1 on F1 has 1 waiters
T4: R1 enters E1 on F1
E1 on F1 closes
T4: R1 pushes E1B2
E1 moves up to F2
E1 on F2 opens
E1 on F2 has 1 waiters
T4: R1 exits E1 on F2
E1 on F2 closes
T3: R1 pushes U1
E2 called
E2 moves up to F1
E2 on F1 opens
E2 on F1 has 1 waiters
T3: R1 enters E2 on F1
E2 on F1 closes
T3: R1 pushes E2B2
E2 moves up to F2
E2 on F2 opens
E2 on F2 has 1 waiters
T3: R1 exits E2 on F2
E2 on F2 closes
T2: R1 pushes U1
E2 called
E2 moves up to F1
E2 on F1 opens
E2 on F1 has 1 waiters
T2: R1 enters E2 on F1
E2 on F1 closes
T2: R1 pushes E2B2
E2 moves up to F2
E2 on F2 opens
E2 on F2 has 1 waiters
T2: R1 exits E2 on F2
E2 on F2 closes
T1: R1 pushes D1
E0 called
E0 moves down to F1
E0 on F1 opens
E0 on F1 has 1 waiters
T1: R1 enters E0 on F1
T1: R1 pushes E0B0
E0 on F1 closes
E0 moves down to F0
E0 on F0 opens
E0 on F0 has 1 waiters
T1: R1 exits E0 on F0
E0 on F0 closes
All done
